A51 MACRO ASSEMBLER  KEY_LCD                                                              05/22/2023 02:36:21 PAGE     1


MACRO ASSEMBLER A51 V8.2.7.0
OBJECT MODULE PLACED IN .\Objects\KEY_LCD.obj
ASSEMBLER INVOKED BY: C:\Keil_v5\C51\BIN\A51.EXE KEY_LCD.a51 SET(SMALL) DEBUG PRINT(.\Listings\KEY_LCD.lst) OBJECT(.\Obj
                      ects\KEY_LCD.obj) EP

LOC  OBJ            LINE     SOURCE

0000                   1     ORG 00H
0000 7590FF            2     MOV P1,#0FFH        ; PORT WHICH KEYPAD ARE CONNECTED AND CONFIGURE IT AS OUTPUT        
0003 3108              3     ACALL LCD_INT      ;INTIALIZE LCD
                       4     
0005 900152            5     MOV DPTR, #AVEAGE     ;PRINT "AVERAGE CALC"
0008 11F9              6     ACALL MESSAGE
000A 74C0              7     MOV A, #0C0H       ;TO MAKE CURSUR START OF LINE 2
000C 311D              8     ACALL LCD_CMD
000E 90015F            9     MOV DPTR, #WELCOME
0011 11F9             10     ACALL MESSAGE
0013 3137             11     ACALL WAITING     ;TO MAKE USER READ MESSAGE DELAY 2 SECOND  
0015 3137             12     ACALL WAITING
                      13     ;*********** -- "ENTRY STATE"  -- ******************
0017                  14     ENTRY:
0017 11E8             15     ACALL CLEAR
0019 7E00             16     MOV R6,#0    ;SUM
001B 7B00             17     MOV R3,#0     ;NUMBER OF ELEMENT 
001D E4               18     CLR A
001E                  19     LOOP:
                      20             
001E 1157             21                             ACALL KEYPAD
0020 900170           22                             MOV DPTR, #LOOK_UP_TABLE
0023 3104             23                             ACALL DISP1
0025 B43D0A           24                             CJNE A,#'=',SKIP
0028 1139             25                             ACALL EVALUATE_AVG
002A 1141             26                             ACALL PRINT_INTEGER
002C 1146             27                             ACALL PRINT_DECIMAL_POINT
002E 1157             28             STILL:  ACALL KEYPAD 
0030 80FC             29                         SJMP STILL
0032                  30             SKIP:
0032 0B               31                             INC R3    
0033 9430             32                             SUBB A,#30h
0035 2E               33                             ADD A,R6
0036 FE               34                             MOV R6,A
                      35                             
0037 80E5             36     SJMP LOOP
                      37     
0039                  38     EVALUATE_AVG:
0039 EE               39     MOV A,R6
003A 2B               40     ADD A,R3
003B 8BF0             41     MOV B,R3
003D 84               42     DIV AB
003E ACF0             43     MOV R4,B  
0040 22               44     RET
                      45      
0041                  46     PRINT_INTEGER:
0041 2430             47                     ADD A,#30H
0043 312A             48                     ACALL LCD_DATA
                      49                     
0045 22               50     RET
0046                  51     PRINT_DECIMAL_POINT:
0046 742E             52                     MOV A,#'.'
0048 312A             53                     ACALL LCD_DATA
004A 8CF0             54                     MOV B,R4
004C 740A             55                     MOV A, #10
004E A4               56                     MUL AB
004F 8BF0             57                     MOV B, R3
A51 MACRO ASSEMBLER  KEY_LCD                                                              05/22/2023 02:36:21 PAGE     2

0051 84               58                     DIV AB
0052 2430             59                     ADD A, #30H
0054 312A             60                     ACALL LCD_DATA
                      61     
0056 22               62     RET
                      63     
                      64     ;*********** -- "LONG PRESS" -- ******************
                      65     
0057                  66     KEYPAD:
0057 7590F0           67     N_1: MOV P1, #0F0H
005A E590             68              MOV A, P1
005C B4F0F8           69              CJNE A, #0F0H, N_1
                      70     ;*********** -- "DEBOUNCING EFFECT" -- ******************
005F 7590F0           71     N_2: MOV P1, #0F0H
0062 E590             72              MOV A, P1
0064 B4F002           73              CJNE A, # 0F0H, N_3
0067 80F6             74              SJMP N_2
0069 313E             75     N_3: ACALL LDELAY
006B 7590F0           76              MOV P1, #0F0H
006E E590             77              MOV A, P1
0070 B4F002           78              CJNE A, # 0F0H, N_4
0073 80EA             79              SJMP N_2
                      80     ;*****************************
0075 7590FF           81     N_4:   MOV P1,#11111111B
0078 C290             82        C1: CLR P1.0
007A 209403           83                JB P1.4, C2
007D 7400             84                MOV A, #0
007F 22               85                RET
0080 209503           86        C2: JB P1.5, C3
0083 7401             87                MOV A, #1
0085 22               88                RET
0086 209603           89        C3: JB P1.6, C4
0089 7402             90                MOV A, #2
008B 22               91                RET
008C 209703           92        C4: JB P1.7, C5
008F 7403             93                MOV A, #3
0091 22               94                RET
0092 D290             95        C5: SETB P1.0
0094 C291             96                CLR P1.1
0096 209403           97                JB P1.4, C6
0099 7404             98                MOV A, #4
009B 22               99                RET  
009C 209503          100        C6: JB P1.5, C7
009F 7405            101                MOV A, #5
00A1 22              102                RET
00A2 209603          103        C7: JB P1.6, C8
00A5 7406            104                MOV A, #6
00A7 22              105                RET
00A8 209703          106        C8: JB P1.7, C9
00AB 7407            107                MOV A, #7
00AD 22              108                RET
00AE D291            109        C9: SETB P1.1
00B0 C292            110                CLR P1.2
00B2 209403          111                JB P1.4, C10
00B5 7408            112                MOV A, #8
00B7 22              113                RET
00B8 209503          114       C10: JB P1.5, C11
00BB 7409            115                MOV A, #9
00BD 22              116                RET
00BE 209603          117       C11: JB P1.6, C12
00C1 740A            118                MOV A, #10
00C3 22              119                RET
00C4 209703          120       C12: JB P1.7, C13
00C7 740B            121                MOV A, #11
00C9 22              122                RET
00CA D292            123       C13: SETB P1.2
A51 MACRO ASSEMBLER  KEY_LCD                                                              05/22/2023 02:36:21 PAGE     3

00CC C293            124                CLR P1.3
00CE 209402          125                JB P1.4, C14
                     126                ;MOV A, #0FH
                     127                ;RET
00D1 1117            128                ACALL ENTRY
00D3 209503          129       C14: JB P1.5, C15
00D6 740D            130                MOV A, #13
00D8 22              131                RET
00D9 209603          132       C15: JB P1.6, C16
00DC 740E            133                MOV A, #14
00DE 22              134                RET
00DF 209703          135       C16: JB P1.7, NEXT
00E2 740F            136                MOV A, #15
00E4 22              137                RET
00E5 020057          138     NEXT: LJMP KEYPAD
                     139     ;*****************************
00E8                 140     CLEAR: 
00E8 7402            141                MOV A, #02H    ;RETURN HOME 
00EA 311D            142                ACALL LCD_CMD
00EC 7401            143                MOV A, #01H    ;CLEAR LCD 
00EE 311D            144                ACALL LCD_CMD
00F0 7480            145                MOV A, #80H    ;LINE ONE FIRST DIGIT 
00F2 311D            146                ACALL LCD_CMD
00F4 740F            147                MOV A, #0FH    ;DISPLAY ON CURSURE BILINKING 
00F6 311D            148                ACALL LCD_CMD
00F8 22              149     RET
                     150     ;*****************************
                     151     
00F9                 152     MESSAGE: 
00F9 7400            153     AGAIN: MOV A, #0
00FB 93              154                MOVC A, @A+DPTR
00FC 6005            155                JZ FINISH
00FE 312A            156                ACALL LCD_DATA
0100 A3              157                INC DPTR
0101 80F6            158                SJMP AGAIN
0103 22              159     FINISH: RET
                     160     ;*****************************
0104                 161     DISP1: 
0104 93              162        MOVC A, @A+DPTR
0105 312A            163        ACALL LCD_DATA
0107 22              164     RET
                     165     
0108                 166     LCD_INT:
0108 7438            167        MOV A, #38H    ;INTIALIZE MATRIX 
010A 311D            168        ACALL LCD_CMD
010C 740C            169        MOV A, #0CH    ;DISPLAY ON ,CURSUR OFF
010E 311D            170        ACALL LCD_CMD
0110 7401            171        MOV A, #01H    ;CLEAR LCD
0112 311D            172        ACALL LCD_CMD
0114 7406            173        MOV A, #06H    ;ENTRY MODE
0116 311D            174        ACALL LCD_CMD
0118 7480            175        MOV A, #80H    ;STARTE AT LINE 1
011A 311D            176        ACALL LCD_CMD
011C 22              177     RET
                     178     ;*****************************
011D                 179     LCD_CMD:
011D F5A0            180        MOV P2, A
011F C2B6            181        CLR P3.6
0121 D2B7            182        SETB P3.7
0123 3149            183        ACALL SDELAY
0125 C2B7            184        CLR P3.7
0127 313E            185        ACALL LDELAY
0129 22              186     RET
                     187     ;*****************************
012A                 188     LCD_DATA:
012A F5A0            189        MOV P2, A
A51 MACRO ASSEMBLER  KEY_LCD                                                              05/22/2023 02:36:21 PAGE     4

012C D2B6            190        SETB P3.6
012E D2B7            191        SETB P3.7
0130 3149            192        ACALL SDELAY
0132 C2B7            193        CLR P3.7
0134 313E            194        ACALL LDELAY
0136 22              195     RET
                     196     ;*****************************
0137                 197     WAITING:
0137 7E0C            198        MOV R6, #12
0139 313E            199        WAIT2: ACALL LDELAY
013B DEFC            200        DJNZ R6, WAIT2
013D 22              201     RET
                     202     ;*****************************
013E                 203     LDELAY:
013E 7832            204        MOV R0, #50
0140 79FF            205        G1: MOV R1, #255
0142 00              206        G2: NOP
0143 00              207        NOP
0144 D9FC            208        DJNZ R1, G2
0146 D8F8            209        DJNZ R0, G1
0148 22              210     RET
                     211     ;*****************************
0149                 212     SDELAY:
0149 7837            213        MOV R0, #55
014B 7907            214        H1: MOV R1, #7
014D D9FE            215        H2: DJNZ R1, H2
014F D8FA            216        DJNZ R0, H1
0151 22              217     RET
                     218     ;*****************************
0152 41564552        219     AVEAGE: DB "AVERAGE CALC", 00H
0156 41474520                
015A 43414C43                
015E 00                      
015F 4D415820        220     WELCOME: DB "MAX NUM ENTER 12", 00H
0163 4E554D20                
0167 454E5445                
016B 52203132                
016F 00                      
0170                 221     LOOK_UP_TABLE:
0170 37              222             DB '7'   ; 0
0171 38              223             DB '8'   ; 1
0172 39              224             DB '9'   ; 2
0173 2F              225             DB '/'   ; 3
0174 34              226             DB '4'   ; 4
0175 35              227             DB '5'   ; 5
0176 36              228             DB '6'   ; 6
0177 2A              229             DB '*'   ; 7
0178 31              230             DB '1'   ; 8
0179 32              231             DB '2'   ; 9
017A 33              232             DB '3'   ; A
017B 2D              233             DB '-'   ; B
017C 4E              234             DB 'N'   ; C
017D 30              235             DB '0'   ; D
017E 3D              236             DB '='   ; E
017F 2B              237             DB '+'   ; F
                     238     END
A51 MACRO ASSEMBLER  KEY_LCD                                                              05/22/2023 02:36:21 PAGE     5

SYMBOL TABLE LISTING
------ ----- -------


N A M E              T Y P E  V A L U E   ATTRIBUTES

AGAIN . . . . . . .  C ADDR   00F9H   A   
AVEAGE. . . . . . .  C ADDR   0152H   A   
B . . . . . . . . .  D ADDR   00F0H   A   
C1. . . . . . . . .  C ADDR   0078H   A   
C10 . . . . . . . .  C ADDR   00B8H   A   
C11 . . . . . . . .  C ADDR   00BEH   A   
C12 . . . . . . . .  C ADDR   00C4H   A   
C13 . . . . . . . .  C ADDR   00CAH   A   
C14 . . . . . . . .  C ADDR   00D3H   A   
C15 . . . . . . . .  C ADDR   00D9H   A   
C16 . . . . . . . .  C ADDR   00DFH   A   
C2. . . . . . . . .  C ADDR   0080H   A   
C3. . . . . . . . .  C ADDR   0086H   A   
C4. . . . . . . . .  C ADDR   008CH   A   
C5. . . . . . . . .  C ADDR   0092H   A   
C6. . . . . . . . .  C ADDR   009CH   A   
C7. . . . . . . . .  C ADDR   00A2H   A   
C8. . . . . . . . .  C ADDR   00A8H   A   
C9. . . . . . . . .  C ADDR   00AEH   A   
CLEAR . . . . . . .  C ADDR   00E8H   A   
DISP1 . . . . . . .  C ADDR   0104H   A   
ENTRY . . . . . . .  C ADDR   0017H   A   
EVALUATE_AVG. . . .  C ADDR   0039H   A   
FINISH. . . . . . .  C ADDR   0103H   A   
G1. . . . . . . . .  C ADDR   0140H   A   
G2. . . . . . . . .  C ADDR   0142H   A   
H1. . . . . . . . .  C ADDR   014BH   A   
H2. . . . . . . . .  C ADDR   014DH   A   
KEYPAD. . . . . . .  C ADDR   0057H   A   
LCD_CMD . . . . . .  C ADDR   011DH   A   
LCD_DATA. . . . . .  C ADDR   012AH   A   
LCD_INT . . . . . .  C ADDR   0108H   A   
LDELAY. . . . . . .  C ADDR   013EH   A   
LOOK_UP_TABLE . . .  C ADDR   0170H   A   
LOOP. . . . . . . .  C ADDR   001EH   A   
MESSAGE . . . . . .  C ADDR   00F9H   A   
NEXT. . . . . . . .  C ADDR   00E5H   A   
N_1 . . . . . . . .  C ADDR   0057H   A   
N_2 . . . . . . . .  C ADDR   005FH   A   
N_3 . . . . . . . .  C ADDR   0069H   A   
N_4 . . . . . . . .  C ADDR   0075H   A   
P1. . . . . . . . .  D ADDR   0090H   A   
P2. . . . . . . . .  D ADDR   00A0H   A   
P3. . . . . . . . .  D ADDR   00B0H   A   
PRINT_DECIMAL_POINT  C ADDR   0046H   A   
PRINT_INTEGER . . .  C ADDR   0041H   A   
SDELAY. . . . . . .  C ADDR   0149H   A   
SKIP. . . . . . . .  C ADDR   0032H   A   
STILL . . . . . . .  C ADDR   002EH   A   
WAIT2 . . . . . . .  C ADDR   0139H   A   
WAITING . . . . . .  C ADDR   0137H   A   
WELCOME . . . . . .  C ADDR   015FH   A   


REGISTER BANK(S) USED: 0 


ASSEMBLY COMPLETE.  0 WARNING(S), 0 ERROR(S)
